[07:52:57] [ServerMain/INFO]: Environment: authHost='https://authserver.mojang.com', accountsHost='https://api.mojang.com', sessionHost='https://sessionserver.mojang.com', servicesHost='https://api.minecraftservices.com', name='PROD'
[07:53:00] [ServerMain/WARN]: Ambiguity between arguments [teleport, location] and [teleport, destination] with inputs: [0.1 -0.5 .9, 0 0 0]
[07:53:00] [ServerMain/WARN]: Ambiguity between arguments [teleport, location] and [teleport, targets] with inputs: [0.1 -0.5 .9, 0 0 0]
[07:53:00] [ServerMain/WARN]: Ambiguity between arguments [teleport, destination] and [teleport, targets] with inputs: [Player, 0123, @e, dd12be42-52a9-4a91-a8a1-11c01849e498]
[07:53:00] [ServerMain/WARN]: Ambiguity between arguments [teleport, targets] and [teleport, destination] with inputs: [Player, 0123, dd12be42-52a9-4a91-a8a1-11c01849e498]
[07:53:00] [ServerMain/WARN]: Ambiguity between arguments [teleport, targets, location] and [teleport, targets, destination] with inputs: [0.1 -0.5 .9, 0 0 0]
[07:53:01] [Worker-Main-16/INFO]: Loaded 7 recipes
[07:53:02] [Worker-Main-16/INFO]: Loaded 1141 advancements
[07:53:03] [Server thread/INFO]: Starting minecraft server version 1.18.2
[07:53:03] [Server thread/INFO]: Loading properties
[07:53:03] [Server thread/INFO]: Default game type: SURVIVAL
[07:53:03] [Server thread/INFO]: Generating keypair
[07:53:04] [Server thread/INFO]: Starting Minecraft server on *:25565
[07:53:04] [Server thread/INFO]: Using epoll channel type
[07:53:04] [Server thread/INFO]: Preparing level "world"
[07:53:17] [Server thread/INFO]: Preparing start region for dimension minecraft:overworld
[07:53:19] [Worker-Main-16/INFO]: Preparing spawn area: 0%
[07:53:19] [Worker-Main-18/INFO]: Preparing spawn area: 0%
[07:53:19] [Worker-Main-18/INFO]: Preparing spawn area: 0%
[07:53:19] [Worker-Main-18/INFO]: Preparing spawn area: 0%
[07:53:19] [Worker-Main-22/INFO]: Preparing spawn area: 0%
[07:53:20] [Worker-Main-22/INFO]: Preparing spawn area: 0%
[07:53:20] [Worker-Main-21/INFO]: Preparing spawn area: 0%
[07:53:21] [Worker-Main-17/INFO]: Preparing spawn area: 0%
[07:53:21] [Worker-Main-20/INFO]: Preparing spawn area: 0%
[07:53:22] [Worker-Main-21/INFO]: Preparing spawn area: 1%
[07:53:22] [Worker-Main-14/INFO]: Preparing spawn area: 1%
[07:53:23] [Worker-Main-12/INFO]: Preparing spawn area: 1%
[07:53:23] [Worker-Main-20/INFO]: Preparing spawn area: 2%
[07:53:24] [Worker-Main-17/INFO]: Preparing spawn area: 3%
[07:53:24] [Worker-Main-14/INFO]: Preparing spawn area: 4%
[07:53:25] [Worker-Main-14/INFO]: Preparing spawn area: 4%
[07:53:25] [Worker-Main-14/INFO]: Preparing spawn area: 5%
[07:53:26] [Worker-Main-13/INFO]: Preparing spawn area: 6%
[07:53:26] [Worker-Main-15/INFO]: Preparing spawn area: 7%
[07:53:27] [Worker-Main-14/INFO]: Preparing spawn area: 8%
[07:53:27] [Worker-Main-17/INFO]: Preparing spawn area: 9%
[07:53:28] [Worker-Main-16/INFO]: Preparing spawn area: 9%
[07:53:28] [Worker-Main-20/INFO]: Preparing spawn area: 10%
[07:53:29] [Worker-Main-12/INFO]: Preparing spawn area: 11%
[07:53:29] [Worker-Main-17/INFO]: Preparing spawn area: 12%
[07:53:30] [Worker-Main-21/INFO]: Preparing spawn area: 13%
[07:53:30] [Worker-Main-17/INFO]: Preparing spawn area: 15%
[07:53:31] [Worker-Main-13/INFO]: Preparing spawn area: 15%
[07:53:31] [Worker-Main-13/INFO]: Preparing spawn area: 15%
[07:53:32] [Worker-Main-20/INFO]: Preparing spawn area: 17%
[07:53:32] [Worker-Main-12/INFO]: Preparing spawn area: 20%
[07:53:33] [Worker-Main-14/INFO]: Preparing spawn area: 23%
[07:53:33] [Worker-Main-19/INFO]: Preparing spawn area: 25%
[07:53:34] [Worker-Main-15/INFO]: Preparing spawn area: 29%
[07:53:34] [Worker-Main-16/INFO]: Preparing spawn area: 32%
[07:53:35] [Worker-Main-18/INFO]: Preparing spawn area: 35%
[07:53:35] [Worker-Main-19/INFO]: Preparing spawn area: 37%
[07:53:36] [Worker-Main-21/INFO]: Preparing spawn area: 41%
[07:53:36] [Worker-Main-13/INFO]: Preparing spawn area: 42%
[07:53:37] [Worker-Main-17/INFO]: Preparing spawn area: 43%
[07:53:37] [Worker-Main-19/INFO]: Preparing spawn area: 47%
[07:53:38] [Worker-Main-22/INFO]: Preparing spawn area: 50%
[07:53:38] [Worker-Main-16/INFO]: Preparing spawn area: 54%
[07:53:39] [Worker-Main-18/INFO]: Preparing spawn area: 56%
[07:53:39] [Worker-Main-13/INFO]: Preparing spawn area: 58%
[07:53:40] [Worker-Main-13/INFO]: Preparing spawn area: 62%
[07:53:40] [Worker-Main-21/INFO]: Preparing spawn area: 66%
[07:53:41] [Worker-Main-16/INFO]: Preparing spawn area: 69%
[07:53:41] [Worker-Main-14/INFO]: Preparing spawn area: 72%
[07:53:42] [Worker-Main-22/INFO]: Preparing spawn area: 75%
[07:53:42] [Worker-Main-21/INFO]: Preparing spawn area: 79%
[07:53:43] [Worker-Main-19/INFO]: Preparing spawn area: 83%
[07:53:43] [Worker-Main-22/INFO]: Preparing spawn area: 86%
[07:53:44] [Worker-Main-14/INFO]: Preparing spawn area: 89%
[07:53:44] [Worker-Main-16/INFO]: Preparing spawn area: 93%
[07:53:45] [Worker-Main-19/INFO]: Preparing spawn area: 97%
[07:53:45] [Server thread/INFO]: Time elapsed: 27719 ms
[07:53:45] [Server thread/INFO]: Done (40.700s)! For help, type "help"
[07:53:45] [Server thread/INFO]: Starting remote control listener
[07:53:45] [Server thread/INFO]: Thread RCON Listener started
[07:53:45] [Server thread/INFO]: RCON running on 0.0.0.0:25575
[08:00:21] [RCON Listener #1/INFO]: Thread RCON Client /127.0.0.1 started
[08:00:21] [Server thread/INFO]: [Rcon: Stopping the server]
[08:00:21] [RCON Client /127.0.0.1 #2/INFO]: Thread RCON Client /127.0.0.1 shutting down
[08:00:21] [Server thread/INFO]: Stopping server
[08:00:21] [Server thread/INFO]: Saving players
[08:00:21] [Server thread/INFO]: Saving worlds
[08:00:22] [Server thread/INFO]: Saving chunks for level 'ServerLevel[world]'/minecraft:overworld
